G:\NEURALNETWORK\DEBUG\NEURALNETWORK.EXE
G:\NEURALNETWORK\DEBUG\NEURALNETWORK.ILK
G:\NEURALNETWORK\DEBUG\NEURALNETWORK.PDB
G:\NEURALNETWORK\NEURALNETWORK\DEBUG\ASSIGNMENT.OBJ
G:\NeuralNetwork\NeuralNetwork\Debug\cl.command.1.tlog
G:\NeuralNetwork\NeuralNetwork\Debug\CL.read.1.tlog
G:\NeuralNetwork\NeuralNetwork\Debug\CL.write.1.tlog
G:\NEURALNETWORK\NEURALNETWORK\DEBUG\HELPERFUNCTION.OBJ
G:\NeuralNetwork\NeuralNetwork\Debug\link.3532.read.1.tlog
G:\NeuralNetwork\NeuralNetwork\Debug\link.3532.write.1.tlog
G:\NeuralNetwork\NeuralNetwork\Debug\link.3532-cvtres.read.1.tlog
G:\NeuralNetwork\NeuralNetwork\Debug\link.3532-cvtres.write.1.tlog
G:\NeuralNetwork\NeuralNetwork\Debug\link.3844.read.1.tlog
G:\NeuralNetwork\NeuralNetwork\Debug\link.3844.write.1.tlog
G:\NeuralNetwork\NeuralNetwork\Debug\link.3844-cvtres.read.1.tlog
G:\NeuralNetwork\NeuralNetwork\Debug\link.3844-cvtres.write.1.tlog
G:\NeuralNetwork\NeuralNetwork\Debug\link.3968.read.1.tlog
G:\NeuralNetwork\NeuralNetwork\Debug\link.3968.write.1.tlog
G:\NeuralNetwork\NeuralNetwork\Debug\link.3968-cvtres.read.1.tlog
G:\NeuralNetwork\NeuralNetwork\Debug\link.3968-cvtres.write.1.tlog
G:\NeuralNetwork\NeuralNetwork\Debug\link.command.1.tlog
G:\NeuralNetwork\NeuralNetwork\Debug\link.read.1.tlog
G:\NeuralNetwork\NeuralNetwork\Debug\link.write.1.tlog
G:\NeuralNetwork\NeuralNetwork\Debug\link-cvtres.read.1.tlog
G:\NeuralNetwork\NeuralNetwork\Debug\link-cvtres.write.1.tlog
G:\NeuralNetwork\NeuralNetwork\Debug\mt.command.1.tlog
G:\NeuralNetwork\NeuralNetwork\Debug\mt.read.1.tlog
G:\NeuralNetwork\NeuralNetwork\Debug\mt.write.1.tlog
G:\NEURALNETWORK\NEURALNETWORK\DEBUG\NEURALNETWORK.EXE.EMBED.MANIFEST
G:\NEURALNETWORK\NEURALNETWORK\DEBUG\NEURALNETWORK.EXE.EMBED.MANIFEST.RES
G:\NEURALNETWORK\NEURALNETWORK\DEBUG\NEURALNETWORK.EXE.INTERMEDIATE.MANIFEST
G:\NEURALNETWORK\NEURALNETWORK\DEBUG\NEURALNETWORK.OBJ
G:\NeuralNetwork\NeuralNetwork\Debug\NeuralNetwork.vcxprojResolveAssemblyReference.cache
G:\NeuralNetwork\NeuralNetwork\Debug\NeuralNetwork.write.1.tlog
G:\NeuralNetwork\NeuralNetwork\Debug\NeuralNetwork_manifest.rc
G:\NeuralNetwork\NeuralNetwork\Debug\rc.command.1.tlog
G:\NeuralNetwork\NeuralNetwork\Debug\rc.read.1.tlog
G:\NeuralNetwork\NeuralNetwork\Debug\rc.write.1.tlog
G:\NeuralNetwork\NeuralNetwork\Debug\vc100.idb
G:\NEURALNETWORK\NEURALNETWORK\DEBUG\VC100.PDB
